[SUMMARY -- 2018-09-11 10:27:20]
FI-uniqueID=eea4a4e5-0511-46b9-bb21-8df8b9c1301d
quicksort-random - Masked
[SUMMARY -- 2018-09-11 10:27:24]
FI-uniqueID=eea4a4e5-0511-46b9-bb21-8df8b9c1301d
quicksort-random - Masked
[SUMMARY -- 2018-09-11 10:27:28]
FI-uniqueID=eea4a4e5-0511-46b9-bb21-8df8b9c1301d
quicksort-random - Masked
[SUMMARY -- 2018-09-11 10:27:32]
FI-uniqueID=eea4a4e5-0511-46b9-bb21-8df8b9c1301d
quicksort-random - Masked
[SUMMARY -- 2018-09-11 10:27:36]
FI-uniqueID=eea4a4e5-0511-46b9-bb21-8df8b9c1301d
quicksort-random - Masked
[SUMMARY -- 2018-09-11 10:27:56]
FI-uniqueID=eea4a4e5-0511-46b9-bb21-8df8b9c1301d
quicksort-random - Fault Injection Failed
[SUMMARY -- 2018-09-11 10:28:00]
FI-uniqueID=eea4a4e5-0511-46b9-bb21-8df8b9c1301d
quicksort-random - Masked
[SUMMARY -- 2018-09-11 10:28:04]
FI-uniqueID=eea4a4e5-0511-46b9-bb21-8df8b9c1301d
quicksort-random - Masked
[SUMMARY -- 2018-09-11 10:28:08]
FI-uniqueID=eea4a4e5-0511-46b9-bb21-8df8b9c1301d
quicksort-random - Masked
[SUMMARY -- 2018-09-11 10:28:12]
FI-uniqueID=eea4a4e5-0511-46b9-bb21-8df8b9c1301d
quicksort-random - Masked
[SUMMARY -- 2018-09-11 11:42:02]
FI-uniqueID=8698e12a-225a-47b7-88e8-704dc679e396
quicksort-random - SDC
[SUMMARY -- 2018-09-11 11:42:22]
FI-uniqueID=8698e12a-225a-47b7-88e8-704dc679e396
quicksort-random - Fault Injection Failed
[SUMMARY -- 2018-09-11 11:42:26]
FI-uniqueID=8698e12a-225a-47b7-88e8-704dc679e396
quicksort-random - NoOutputGenerated
[SUMMARY -- 2018-09-11 11:42:30]
FI-uniqueID=8698e12a-225a-47b7-88e8-704dc679e396
quicksort-random - NoOutputGenerated
[SUMMARY -- 2018-09-11 11:42:33]
FI-uniqueID=8698e12a-225a-47b7-88e8-704dc679e396
quicksort-random - NoOutputGenerated
[SUMMARY -- 2018-09-11 11:42:38]
FI-uniqueID=8698e12a-225a-47b7-88e8-704dc679e396
quicksort-random - NoOutputGenerated
[SUMMARY -- 2018-09-11 11:42:41]
FI-uniqueID=8698e12a-225a-47b7-88e8-704dc679e396
quicksort-random - NoOutputGenerated
[SUMMARY -- 2018-09-11 11:43:01]
FI-uniqueID=8698e12a-225a-47b7-88e8-704dc679e396
quicksort-random - Fault Injection Failed
[SUMMARY -- 2018-09-11 11:43:05]
FI-uniqueID=8698e12a-225a-47b7-88e8-704dc679e396
quicksort-random - NoOutputGenerated
[SUMMARY -- 2018-09-11 11:43:09]
FI-uniqueID=8698e12a-225a-47b7-88e8-704dc679e396
quicksort-random - NoOutputGenerated
[SUMMARY -- 2018-09-11 11:50:01]
FI-uniqueID=91cb93a8-74be-47d2-9da9-c3d9c6ef9654
json-input-output - Fault Injection Failed
[SUMMARY -- 2018-09-11 11:50:05]
FI-uniqueID=91cb93a8-74be-47d2-9da9-c3d9c6ef9654
json-input-output - Fault Injection Failed
[SUMMARY -- 2018-09-11 11:50:09]
FI-uniqueID=91cb93a8-74be-47d2-9da9-c3d9c6ef9654
json-input-output - Fault Injection Failed
[SUMMARY -- 2018-09-11 11:50:12]
FI-uniqueID=91cb93a8-74be-47d2-9da9-c3d9c6ef9654
json-input-output - Fault Injection Failed
[SUMMARY -- 2018-09-11 11:50:16]
FI-uniqueID=91cb93a8-74be-47d2-9da9-c3d9c6ef9654
json-input-output - Fault Injection Failed
[SUMMARY -- 2018-09-11 11:50:19]
FI-uniqueID=91cb93a8-74be-47d2-9da9-c3d9c6ef9654
json-input-output - Fault Injection Failed
[SUMMARY -- 2018-09-11 11:50:24]
FI-uniqueID=91cb93a8-74be-47d2-9da9-c3d9c6ef9654
json-input-output - Fault Injection Failed
[SUMMARY -- 2018-09-11 11:50:28]
FI-uniqueID=91cb93a8-74be-47d2-9da9-c3d9c6ef9654
json-input-output - Fault Injection Failed
[SUMMARY -- 2018-09-11 11:50:31]
FI-uniqueID=91cb93a8-74be-47d2-9da9-c3d9c6ef9654
json-input-output - Fault Injection Failed
[SUMMARY -- 2018-09-11 11:50:35]
FI-uniqueID=91cb93a8-74be-47d2-9da9-c3d9c6ef9654
json-input-output - Fault Injection Failed
[SUMMARY -- 2018-09-11 11:51:22]
FI-uniqueID=02ad7076-ca59-4f90-abcc-3e683287f29a
json-input-output - Fault Injection Failed
[SUMMARY -- 2018-09-11 11:51:27]
FI-uniqueID=02ad7076-ca59-4f90-abcc-3e683287f29a
json-input-output - Fault Injection Failed
[SUMMARY -- 2018-09-11 11:51:30]
FI-uniqueID=02ad7076-ca59-4f90-abcc-3e683287f29a
json-input-output - Fault Injection Failed
[SUMMARY -- 2018-09-11 11:51:34]
FI-uniqueID=02ad7076-ca59-4f90-abcc-3e683287f29a
json-input-output - Fault Injection Failed
[SUMMARY -- 2018-09-11 11:51:38]
FI-uniqueID=02ad7076-ca59-4f90-abcc-3e683287f29a
json-input-output - Fault Injection Failed
[SUMMARY -- 2018-09-11 11:51:42]
FI-uniqueID=02ad7076-ca59-4f90-abcc-3e683287f29a
json-input-output - Fault Injection Failed
[SUMMARY -- 2018-09-11 11:51:45]
FI-uniqueID=02ad7076-ca59-4f90-abcc-3e683287f29a
json-input-output - Fault Injection Failed
[SUMMARY -- 2018-09-11 11:51:49]
FI-uniqueID=02ad7076-ca59-4f90-abcc-3e683287f29a
json-input-output - Fault Injection Failed
[SUMMARY -- 2018-09-11 11:51:52]
FI-uniqueID=02ad7076-ca59-4f90-abcc-3e683287f29a
json-input-output - Fault Injection Failed
[SUMMARY -- 2018-09-11 11:51:57]
FI-uniqueID=02ad7076-ca59-4f90-abcc-3e683287f29a
json-input-output - Fault Injection Failed
[SUMMARY -- 2018-09-11 11:52:05]
FI-uniqueID=0deb9bf0-4b20-4eab-a01f-f0d3deea9970
json-input-output - Fault Injection Failed
[SUMMARY -- 2018-09-11 11:52:09]
FI-uniqueID=0deb9bf0-4b20-4eab-a01f-f0d3deea9970
json-input-output - Fault Injection Failed
[SUMMARY -- 2018-09-11 11:52:13]
FI-uniqueID=0deb9bf0-4b20-4eab-a01f-f0d3deea9970
json-input-output - Fault Injection Failed
[SUMMARY -- 2018-09-11 11:52:17]
FI-uniqueID=0deb9bf0-4b20-4eab-a01f-f0d3deea9970
json-input-output - Fault Injection Failed
[SUMMARY -- 2018-09-11 11:52:20]
FI-uniqueID=0deb9bf0-4b20-4eab-a01f-f0d3deea9970
json-input-output - Fault Injection Failed
[SUMMARY -- 2018-09-11 11:52:24]
FI-uniqueID=0deb9bf0-4b20-4eab-a01f-f0d3deea9970
json-input-output - Fault Injection Failed
[SUMMARY -- 2018-09-11 11:52:28]
FI-uniqueID=0deb9bf0-4b20-4eab-a01f-f0d3deea9970
json-input-output - Fault Injection Failed
[SUMMARY -- 2018-09-11 11:52:32]
FI-uniqueID=0deb9bf0-4b20-4eab-a01f-f0d3deea9970
json-input-output - Fault Injection Failed
[SUMMARY -- 2018-09-11 11:52:36]
FI-uniqueID=0deb9bf0-4b20-4eab-a01f-f0d3deea9970
json-input-output - Fault Injection Failed
[SUMMARY -- 2018-09-11 11:52:40]
FI-uniqueID=0deb9bf0-4b20-4eab-a01f-f0d3deea9970
json-input-output - Fault Injection Failed
[SUMMARY -- 2018-09-11 11:52:44]
FI-uniqueID=0deb9bf0-4b20-4eab-a01f-f0d3deea9970
json-input-output - Fault Injection Failed
[SUMMARY -- 2018-09-11 11:52:48]
FI-uniqueID=0deb9bf0-4b20-4eab-a01f-f0d3deea9970
json-input-output - Fault Injection Failed
[SUMMARY -- 2018-09-11 11:52:51]
FI-uniqueID=0deb9bf0-4b20-4eab-a01f-f0d3deea9970
json-input-output - Fault Injection Failed
[SUMMARY -- 2018-09-11 11:52:56]
FI-uniqueID=0deb9bf0-4b20-4eab-a01f-f0d3deea9970
json-input-output - Fault Injection Failed
[SUMMARY -- 2018-09-11 11:53:00]
FI-uniqueID=0deb9bf0-4b20-4eab-a01f-f0d3deea9970
json-input-output - Fault Injection Failed
[SUMMARY -- 2018-09-11 11:53:04]
FI-uniqueID=0deb9bf0-4b20-4eab-a01f-f0d3deea9970
json-input-output - Fault Injection Failed
[SUMMARY -- 2018-09-11 11:53:08]
FI-uniqueID=0deb9bf0-4b20-4eab-a01f-f0d3deea9970
json-input-output - Fault Injection Failed
[SUMMARY -- 2018-09-11 11:53:11]
FI-uniqueID=0deb9bf0-4b20-4eab-a01f-f0d3deea9970
json-input-output - Fault Injection Failed
[SUMMARY -- 2018-09-11 11:53:15]
FI-uniqueID=0deb9bf0-4b20-4eab-a01f-f0d3deea9970
json-input-output - Fault Injection Failed
[SUMMARY -- 2018-09-11 11:53:19]
FI-uniqueID=0deb9bf0-4b20-4eab-a01f-f0d3deea9970
json-input-output - Fault Injection Failed
[SUMMARY -- 2018-09-11 11:53:22]
FI-uniqueID=0deb9bf0-4b20-4eab-a01f-f0d3deea9970
json-input-output - Fault Injection Failed
[SUMMARY -- 2018-09-11 11:53:25]
FI-uniqueID=0deb9bf0-4b20-4eab-a01f-f0d3deea9970
json-input-output - Fault Injection Failed
[SUMMARY -- 2018-09-11 11:53:30]
FI-uniqueID=0deb9bf0-4b20-4eab-a01f-f0d3deea9970
json-input-output - Fault Injection Failed
[SUMMARY -- 2018-09-11 11:53:34]
FI-uniqueID=0deb9bf0-4b20-4eab-a01f-f0d3deea9970
json-input-output - Fault Injection Failed
[SUMMARY -- 2018-09-11 11:53:39]
FI-uniqueID=0deb9bf0-4b20-4eab-a01f-f0d3deea9970
json-input-output - Fault Injection Failed
[SUMMARY -- 2018-09-11 11:53:43]
FI-uniqueID=0deb9bf0-4b20-4eab-a01f-f0d3deea9970
json-input-output - Fault Injection Failed
[SUMMARY -- 2018-09-11 11:53:46]
FI-uniqueID=0deb9bf0-4b20-4eab-a01f-f0d3deea9970
json-input-output - Fault Injection Failed
[SUMMARY -- 2018-09-11 11:53:50]
FI-uniqueID=0deb9bf0-4b20-4eab-a01f-f0d3deea9970
json-input-output - Fault Injection Failed
[SUMMARY -- 2018-09-11 11:53:53]
FI-uniqueID=0deb9bf0-4b20-4eab-a01f-f0d3deea9970
json-input-output - Fault Injection Failed
[SUMMARY -- 2018-09-11 11:54:14]
FI-uniqueID=583ff3f6-5e12-49d0-bac2-96b2792275f1
json-input-output - Fault Injection Failed
[SUMMARY -- 2018-09-11 11:54:18]
FI-uniqueID=583ff3f6-5e12-49d0-bac2-96b2792275f1
json-input-output - Fault Injection Failed
[SUMMARY -- 2018-09-11 11:54:22]
FI-uniqueID=583ff3f6-5e12-49d0-bac2-96b2792275f1
json-input-output - Fault Injection Failed
[SUMMARY -- 2018-09-11 11:54:25]
FI-uniqueID=583ff3f6-5e12-49d0-bac2-96b2792275f1
json-input-output - Fault Injection Failed
[SUMMARY -- 2018-09-11 11:54:28]
FI-uniqueID=583ff3f6-5e12-49d0-bac2-96b2792275f1
json-input-output - Fault Injection Failed
[SUMMARY -- 2018-09-11 11:54:33]
FI-uniqueID=583ff3f6-5e12-49d0-bac2-96b2792275f1
json-input-output - Fault Injection Failed
[SUMMARY -- 2018-09-11 11:54:37]
FI-uniqueID=583ff3f6-5e12-49d0-bac2-96b2792275f1
json-input-output - Fault Injection Failed
[SUMMARY -- 2018-09-11 11:54:41]
FI-uniqueID=583ff3f6-5e12-49d0-bac2-96b2792275f1
json-input-output - Fault Injection Failed
[SUMMARY -- 2018-09-11 11:54:45]
FI-uniqueID=583ff3f6-5e12-49d0-bac2-96b2792275f1
json-input-output - Fault Injection Failed
[SUMMARY -- 2018-09-11 11:54:49]
FI-uniqueID=583ff3f6-5e12-49d0-bac2-96b2792275f1
json-input-output - Fault Injection Failed
[SUMMARY -- 2018-09-11 11:54:53]
FI-uniqueID=583ff3f6-5e12-49d0-bac2-96b2792275f1
json-input-output - Fault Injection Failed
[SUMMARY -- 2018-09-11 11:54:57]
FI-uniqueID=583ff3f6-5e12-49d0-bac2-96b2792275f1
json-input-output - Fault Injection Failed
[SUMMARY -- 2018-09-11 11:55:01]
FI-uniqueID=583ff3f6-5e12-49d0-bac2-96b2792275f1
json-input-output - Fault Injection Failed
[SUMMARY -- 2018-09-11 11:55:05]
FI-uniqueID=583ff3f6-5e12-49d0-bac2-96b2792275f1
json-input-output - Fault Injection Failed
[SUMMARY -- 2018-09-11 11:55:09]
FI-uniqueID=583ff3f6-5e12-49d0-bac2-96b2792275f1
json-input-output - Fault Injection Failed
[SUMMARY -- 2018-09-11 11:55:14]
FI-uniqueID=583ff3f6-5e12-49d0-bac2-96b2792275f1
json-input-output - Fault Injection Failed
[SUMMARY -- 2018-09-11 11:55:18]
FI-uniqueID=583ff3f6-5e12-49d0-bac2-96b2792275f1
json-input-output - Fault Injection Failed
[SUMMARY -- 2018-09-11 11:55:22]
FI-uniqueID=583ff3f6-5e12-49d0-bac2-96b2792275f1
json-input-output - Fault Injection Failed
[SUMMARY -- 2018-09-11 11:55:25]
FI-uniqueID=583ff3f6-5e12-49d0-bac2-96b2792275f1
json-input-output - Fault Injection Failed
[SUMMARY -- 2018-09-11 11:55:29]
FI-uniqueID=583ff3f6-5e12-49d0-bac2-96b2792275f1
json-input-output - Fault Injection Failed
[SUMMARY -- 2018-09-11 11:55:34]
FI-uniqueID=583ff3f6-5e12-49d0-bac2-96b2792275f1
json-input-output - Fault Injection Failed
[SUMMARY -- 2018-09-11 11:55:38]
FI-uniqueID=583ff3f6-5e12-49d0-bac2-96b2792275f1
json-input-output - Fault Injection Failed
[SUMMARY -- 2018-09-11 11:55:41]
FI-uniqueID=583ff3f6-5e12-49d0-bac2-96b2792275f1
json-input-output - Fault Injection Failed
[SUMMARY -- 2018-09-11 11:55:45]
FI-uniqueID=583ff3f6-5e12-49d0-bac2-96b2792275f1
json-input-output - Fault Injection Failed
[SUMMARY -- 2018-09-11 11:55:49]
FI-uniqueID=583ff3f6-5e12-49d0-bac2-96b2792275f1
json-input-output - Fault Injection Failed
[SUMMARY -- 2018-09-11 11:55:53]
FI-uniqueID=583ff3f6-5e12-49d0-bac2-96b2792275f1
json-input-output - Fault Injection Failed
[SUMMARY -- 2018-09-11 11:55:57]
FI-uniqueID=583ff3f6-5e12-49d0-bac2-96b2792275f1
json-input-output - Fault Injection Failed
[SUMMARY -- 2018-09-11 11:56:00]
FI-uniqueID=583ff3f6-5e12-49d0-bac2-96b2792275f1
json-input-output - Fault Injection Failed
[SUMMARY -- 2018-09-11 11:56:05]
FI-uniqueID=583ff3f6-5e12-49d0-bac2-96b2792275f1
json-input-output - Fault Injection Failed
[SUMMARY -- 2018-09-11 11:56:09]
FI-uniqueID=583ff3f6-5e12-49d0-bac2-96b2792275f1
json-input-output - Fault Injection Failed
[SUMMARY -- 2018-09-11 11:56:13]
FI-uniqueID=583ff3f6-5e12-49d0-bac2-96b2792275f1
json-input-output - Fault Injection Failed
[SUMMARY -- 2018-09-11 11:56:17]
FI-uniqueID=583ff3f6-5e12-49d0-bac2-96b2792275f1
json-input-output - Fault Injection Failed
[SUMMARY -- 2018-09-11 11:56:21]
FI-uniqueID=583ff3f6-5e12-49d0-bac2-96b2792275f1
json-input-output - Fault Injection Failed
[SUMMARY -- 2018-09-11 11:56:24]
FI-uniqueID=583ff3f6-5e12-49d0-bac2-96b2792275f1
json-input-output - Fault Injection Failed
[SUMMARY -- 2018-09-11 11:56:29]
FI-uniqueID=583ff3f6-5e12-49d0-bac2-96b2792275f1
json-input-output - Fault Injection Failed
[SUMMARY -- 2018-09-11 11:56:33]
FI-uniqueID=583ff3f6-5e12-49d0-bac2-96b2792275f1
json-input-output - Fault Injection Failed
[SUMMARY -- 2018-09-11 11:56:37]
FI-uniqueID=583ff3f6-5e12-49d0-bac2-96b2792275f1
json-input-output - Fault Injection Failed
[SUMMARY -- 2018-09-11 11:56:40]
FI-uniqueID=583ff3f6-5e12-49d0-bac2-96b2792275f1
json-input-output - Fault Injection Failed
[SUMMARY -- 2018-09-11 11:56:44]
FI-uniqueID=583ff3f6-5e12-49d0-bac2-96b2792275f1
json-input-output - Fault Injection Failed
[SUMMARY -- 2018-09-11 11:56:48]
FI-uniqueID=583ff3f6-5e12-49d0-bac2-96b2792275f1
json-input-output - Fault Injection Failed
[SUMMARY -- 2018-09-11 11:56:52]
FI-uniqueID=583ff3f6-5e12-49d0-bac2-96b2792275f1
json-input-output - Fault Injection Failed
[SUMMARY -- 2018-09-11 11:56:56]
FI-uniqueID=583ff3f6-5e12-49d0-bac2-96b2792275f1
json-input-output - Fault Injection Failed
[SUMMARY -- 2018-09-11 11:56:59]
FI-uniqueID=583ff3f6-5e12-49d0-bac2-96b2792275f1
json-input-output - Fault Injection Failed
[SUMMARY -- 2018-09-11 11:57:04]
FI-uniqueID=583ff3f6-5e12-49d0-bac2-96b2792275f1
json-input-output - Fault Injection Failed
[SUMMARY -- 2018-09-11 11:57:08]
FI-uniqueID=583ff3f6-5e12-49d0-bac2-96b2792275f1
json-input-output - Fault Injection Failed
[SUMMARY -- 2018-09-11 11:57:12]
FI-uniqueID=583ff3f6-5e12-49d0-bac2-96b2792275f1
json-input-output - Fault Injection Failed
[SUMMARY -- 2018-09-11 11:57:16]
FI-uniqueID=583ff3f6-5e12-49d0-bac2-96b2792275f1
json-input-output - Fault Injection Failed
[SUMMARY -- 2018-09-11 11:57:19]
FI-uniqueID=583ff3f6-5e12-49d0-bac2-96b2792275f1
json-input-output - Fault Injection Failed
[SUMMARY -- 2018-09-11 11:57:23]
FI-uniqueID=583ff3f6-5e12-49d0-bac2-96b2792275f1
json-input-output - Fault Injection Failed
[SUMMARY -- 2018-09-11 11:57:26]
FI-uniqueID=583ff3f6-5e12-49d0-bac2-96b2792275f1
json-input-output - Fault Injection Failed
[SUMMARY -- 2018-09-11 11:57:31]
FI-uniqueID=583ff3f6-5e12-49d0-bac2-96b2792275f1
json-input-output - Fault Injection Failed
[SUMMARY -- 2018-09-11 11:57:35]
FI-uniqueID=583ff3f6-5e12-49d0-bac2-96b2792275f1
json-input-output - Fault Injection Failed
[SUMMARY -- 2018-09-11 11:57:39]
FI-uniqueID=583ff3f6-5e12-49d0-bac2-96b2792275f1
json-input-output - Fault Injection Failed
[SUMMARY -- 2018-09-11 11:57:42]
FI-uniqueID=583ff3f6-5e12-49d0-bac2-96b2792275f1
json-input-output - Fault Injection Failed
[SUMMARY -- 2018-09-11 11:57:45]
FI-uniqueID=583ff3f6-5e12-49d0-bac2-96b2792275f1
json-input-output - Fault Injection Failed
[SUMMARY -- 2018-09-11 11:57:49]
FI-uniqueID=583ff3f6-5e12-49d0-bac2-96b2792275f1
json-input-output - Fault Injection Failed
[SUMMARY -- 2018-09-11 11:57:53]
FI-uniqueID=583ff3f6-5e12-49d0-bac2-96b2792275f1
json-input-output - Fault Injection Failed
[SUMMARY -- 2018-09-11 11:57:57]
FI-uniqueID=583ff3f6-5e12-49d0-bac2-96b2792275f1
json-input-output - Fault Injection Failed
[SUMMARY -- 2018-09-11 11:58:00]
FI-uniqueID=583ff3f6-5e12-49d0-bac2-96b2792275f1
json-input-output - Fault Injection Failed
[SUMMARY -- 2018-09-11 11:58:06]
FI-uniqueID=583ff3f6-5e12-49d0-bac2-96b2792275f1
json-input-output - Fault Injection Failed
[SUMMARY -- 2018-09-11 11:58:09]
FI-uniqueID=583ff3f6-5e12-49d0-bac2-96b2792275f1
json-input-output - Fault Injection Failed
[SUMMARY -- 2018-09-11 11:58:12]
FI-uniqueID=583ff3f6-5e12-49d0-bac2-96b2792275f1
json-input-output - Fault Injection Failed
[SUMMARY -- 2018-09-11 11:58:16]
FI-uniqueID=583ff3f6-5e12-49d0-bac2-96b2792275f1
json-input-output - Fault Injection Failed
[SUMMARY -- 2018-09-11 11:58:20]
FI-uniqueID=583ff3f6-5e12-49d0-bac2-96b2792275f1
json-input-output - Fault Injection Failed
[SUMMARY -- 2018-09-11 11:58:24]
FI-uniqueID=583ff3f6-5e12-49d0-bac2-96b2792275f1
json-input-output - Fault Injection Failed
[SUMMARY -- 2018-09-11 11:58:29]
FI-uniqueID=583ff3f6-5e12-49d0-bac2-96b2792275f1
json-input-output - Fault Injection Failed
[SUMMARY -- 2018-09-11 11:58:33]
FI-uniqueID=583ff3f6-5e12-49d0-bac2-96b2792275f1
json-input-output - Fault Injection Failed
[SUMMARY -- 2018-09-11 11:58:37]
FI-uniqueID=583ff3f6-5e12-49d0-bac2-96b2792275f1
json-input-output - Fault Injection Failed
[SUMMARY -- 2018-09-11 11:58:41]
FI-uniqueID=583ff3f6-5e12-49d0-bac2-96b2792275f1
json-input-output - Fault Injection Failed
[SUMMARY -- 2018-09-11 11:58:45]
FI-uniqueID=583ff3f6-5e12-49d0-bac2-96b2792275f1
json-input-output - Fault Injection Failed
[SUMMARY -- 2018-09-11 11:58:49]
FI-uniqueID=583ff3f6-5e12-49d0-bac2-96b2792275f1
json-input-output - Fault Injection Failed
[SUMMARY -- 2018-09-11 11:58:53]
FI-uniqueID=583ff3f6-5e12-49d0-bac2-96b2792275f1
json-input-output - Fault Injection Failed
[SUMMARY -- 2018-09-11 11:58:57]
FI-uniqueID=583ff3f6-5e12-49d0-bac2-96b2792275f1
json-input-output - Fault Injection Failed
[SUMMARY -- 2018-09-11 11:59:01]
FI-uniqueID=583ff3f6-5e12-49d0-bac2-96b2792275f1
json-input-output - Fault Injection Failed
[SUMMARY -- 2018-09-11 11:59:04]
FI-uniqueID=583ff3f6-5e12-49d0-bac2-96b2792275f1
json-input-output - Fault Injection Failed
[SUMMARY -- 2018-09-11 11:59:09]
FI-uniqueID=583ff3f6-5e12-49d0-bac2-96b2792275f1
json-input-output - Fault Injection Failed
[SUMMARY -- 2018-09-11 11:59:12]
FI-uniqueID=583ff3f6-5e12-49d0-bac2-96b2792275f1
json-input-output - Fault Injection Failed
[SUMMARY -- 2018-09-11 11:59:16]
FI-uniqueID=583ff3f6-5e12-49d0-bac2-96b2792275f1
json-input-output - Fault Injection Failed
[SUMMARY -- 2018-09-11 11:59:20]
FI-uniqueID=583ff3f6-5e12-49d0-bac2-96b2792275f1
json-input-output - Fault Injection Failed
[SUMMARY -- 2018-09-11 11:59:24]
FI-uniqueID=583ff3f6-5e12-49d0-bac2-96b2792275f1
json-input-output - Fault Injection Failed
[SUMMARY -- 2018-09-11 11:59:28]
FI-uniqueID=583ff3f6-5e12-49d0-bac2-96b2792275f1
json-input-output - Fault Injection Failed
[SUMMARY -- 2018-09-11 11:59:32]
FI-uniqueID=583ff3f6-5e12-49d0-bac2-96b2792275f1
json-input-output - Fault Injection Failed
[SUMMARY -- 2018-09-11 11:59:36]
FI-uniqueID=583ff3f6-5e12-49d0-bac2-96b2792275f1
json-input-output - Fault Injection Failed
[SUMMARY -- 2018-09-11 11:59:39]
FI-uniqueID=583ff3f6-5e12-49d0-bac2-96b2792275f1
json-input-output - Fault Injection Failed
[SUMMARY -- 2018-09-11 11:59:43]
FI-uniqueID=583ff3f6-5e12-49d0-bac2-96b2792275f1
json-input-output - Fault Injection Failed
[SUMMARY -- 2018-09-11 11:59:47]
FI-uniqueID=583ff3f6-5e12-49d0-bac2-96b2792275f1
json-input-output - Fault Injection Failed
[SUMMARY -- 2018-09-11 11:59:52]
FI-uniqueID=583ff3f6-5e12-49d0-bac2-96b2792275f1
json-input-output - Fault Injection Failed
[SUMMARY -- 2018-09-11 11:59:56]
FI-uniqueID=583ff3f6-5e12-49d0-bac2-96b2792275f1
json-input-output - Fault Injection Failed
[SUMMARY -- 2018-09-11 12:00:00]
FI-uniqueID=583ff3f6-5e12-49d0-bac2-96b2792275f1
json-input-output - Fault Injection Failed
[SUMMARY -- 2018-09-11 12:00:04]
FI-uniqueID=583ff3f6-5e12-49d0-bac2-96b2792275f1
json-input-output - Fault Injection Failed
[SUMMARY -- 2018-09-11 12:00:08]
FI-uniqueID=583ff3f6-5e12-49d0-bac2-96b2792275f1
json-input-output - Fault Injection Failed
[SUMMARY -- 2018-09-11 12:00:12]
FI-uniqueID=583ff3f6-5e12-49d0-bac2-96b2792275f1
json-input-output - Fault Injection Failed
[SUMMARY -- 2018-09-11 12:00:16]
FI-uniqueID=583ff3f6-5e12-49d0-bac2-96b2792275f1
json-input-output - Fault Injection Failed
[SUMMARY -- 2018-09-11 12:00:20]
FI-uniqueID=583ff3f6-5e12-49d0-bac2-96b2792275f1
json-input-output - Fault Injection Failed
[SUMMARY -- 2018-09-11 12:00:24]
FI-uniqueID=583ff3f6-5e12-49d0-bac2-96b2792275f1
json-input-output - Fault Injection Failed
[SUMMARY -- 2018-09-11 12:00:28]
FI-uniqueID=583ff3f6-5e12-49d0-bac2-96b2792275f1
json-input-output - Fault Injection Failed
[SUMMARY -- 2018-09-11 12:00:32]
FI-uniqueID=583ff3f6-5e12-49d0-bac2-96b2792275f1
json-input-output - Fault Injection Failed
[SUMMARY -- 2018-09-11 12:00:36]
FI-uniqueID=583ff3f6-5e12-49d0-bac2-96b2792275f1
json-input-output - Fault Injection Failed
[SUMMARY -- 2018-09-11 12:00:40]
FI-uniqueID=583ff3f6-5e12-49d0-bac2-96b2792275f1
json-input-output - Fault Injection Failed
[SUMMARY -- 2018-09-11 12:00:44]
FI-uniqueID=583ff3f6-5e12-49d0-bac2-96b2792275f1
json-input-output - Fault Injection Failed
